[debug] [2022-01-23T20:40:07.161Z] ----------------------------------------------------------------------
[debug] [2022-01-23T20:40:07.163Z] Command:       /usr/local/bin/node /usr/local/bin/firebase deploy --only functions
[debug] [2022-01-23T20:40:07.163Z] CLI Version:   9.21.0
[debug] [2022-01-23T20:40:07.163Z] Platform:      darwin
[debug] [2022-01-23T20:40:07.163Z] Node Version:  v14.16.0
[debug] [2022-01-23T20:40:07.164Z] Time:          Sun Jan 23 2022 15:40:07 GMT-0500 (Eastern Standard Time)
[debug] [2022-01-23T20:40:07.164Z] ----------------------------------------------------------------------
[debug] 
[debug] [2022-01-23T20:40:07.213Z] > command requires scopes: ["email","openid","https://www.googleapis.com/auth/cloudplatformprojects.readonly","https://www.googleapis.com/auth/firebase","https://www.googleapis.com/auth/cloud-platform"]
[debug] [2022-01-23T20:40:07.213Z] > authorizing via signed-in user (alexjamesgodfrey@gmail.com)
[debug] [2022-01-23T20:40:07.213Z] [iam] checking project automatestudy for permissions ["cloudfunctions.functions.create","cloudfunctions.functions.delete","cloudfunctions.functions.get","cloudfunctions.functions.list","cloudfunctions.functions.update","cloudfunctions.operations.get","firebase.projects.get"]
[debug] [2022-01-23T20:40:07.215Z] >>> HTTP REQUEST POST https://cloudresourcemanager.googleapis.com/v1/projects/automatestudy:testIamPermissions  
 {"permissions":["cloudfunctions.functions.create","cloudfunctions.functions.delete","cloudfunctions.functions.get","cloudfunctions.functions.list","cloudfunctions.functions.update","cloudfunctions.operations.get","firebase.projects.get"]}
[debug] [2022-01-23T20:40:07.457Z] <<< HTTP RESPONSE 200 {"content-type":"application/json; charset=UTF-8","vary":"X-Origin, Referer, Origin,Accept-Encoding","date":"Sun, 23 Jan 2022 20:40:07 GMT","server":"ESF","cache-control":"private","x-xss-protection":"0","x-frame-options":"SAMEORIGIN","x-content-type-options":"nosniff","server-timing":"gfet4t7; dur=134","alt-svc":"h3=\":443\"; ma=2592000,h3-29=\":443\"; ma=2592000,h3-Q050=\":443\"; ma=2592000,h3-Q046=\":443\"; ma=2592000,h3-Q043=\":443\"; ma=2592000,quic=\":443\"; ma=2592000; v=\"46,43\"","accept-ranges":"none","transfer-encoding":"chunked"}
[debug] [2022-01-23T20:40:07.460Z] >>> HTTP REQUEST POST https://iam.googleapis.com/v1/projects/automatestudy/serviceAccounts/automatestudy@appspot.gserviceaccount.com:testIamPermissions  
 {"permissions":["iam.serviceAccounts.actAs"]}
[debug] [2022-01-23T20:40:07.638Z] <<< HTTP RESPONSE 200 {"content-type":"application/json; charset=UTF-8","vary":"X-Origin, Referer, Origin,Accept-Encoding","date":"Sun, 23 Jan 2022 20:40:07 GMT","server":"ESF","cache-control":"private","x-xss-protection":"0","x-frame-options":"SAMEORIGIN","x-content-type-options":"nosniff","alt-svc":"h3=\":443\"; ma=2592000,h3-29=\":443\"; ma=2592000,h3-Q050=\":443\"; ma=2592000,h3-Q046=\":443\"; ma=2592000,h3-Q043=\":443\"; ma=2592000,quic=\":443\"; ma=2592000; v=\"46,43\"","accept-ranges":"none","transfer-encoding":"chunked"}
[info] 
[info] === Deploying to 'automatestudy'...
[info] 
[info] i  deploying functions 
[debug] [2022-01-23T20:40:07.646Z] Validating nodejs source
[warn] ⚠  functions: package.json indicates an outdated version of firebase-functions.
Please upgrade using npm install --save firebase-functions@latest in your functions directory. 
[debug] [2022-01-23T20:40:08.890Z] > [functions] package.json contents: {
  "name": "functions",
  "description": "Cloud Functions for Firebase",
  "scripts": {
    "serve": "firebase emulators:start --only functions",
    "shell": "firebase functions:shell",
    "start": "npm run shell",
    "deploy": "firebase deploy --only functions",
    "logs": "firebase functions:log"
  },
  "engines": {
    "node": "14"
  },
  "main": "index.js",
  "dependencies": {
    "@notionhq/client": "^0.4.11",
    "base-64": "^1.0.0",
    "body-parser": "^1.19.0",
    "cors": "^2.8.5",
    "dotenv": "^10.0.0",
    "express": "^4.17.1",
    "firebase-admin": "^9.12.0",
    "firebase-functions": "^3.15.7",
    "isomorphic-unfetch": "^3.1.0",
    "log4js": "^6.3.0",
    "moment": "^2.29.1",
    "node-postgres": "^0.6.2",
    "nodemon": "^2.0.13",
    "pg": "^8.7.1",
    "stripe": "^8.195.0"
  },
  "devDependencies": {
    "firebase-functions-test": "^0.2.0"
  },
  "private": true
}
[debug] [2022-01-23T20:40:08.890Z] Building nodejs source
[info] i  functions: ensuring required API cloudfunctions.googleapis.com is enabled... 
[info] i  functions: ensuring required API cloudbuild.googleapis.com is enabled... 
[debug] [2022-01-23T20:40:08.891Z] >>> HTTP REQUEST GET https://serviceusage.googleapis.com/v1/projects/automatestudy/services/cloudfunctions.googleapis.com  
 
[debug] [2022-01-23T20:40:08.892Z] >>> HTTP REQUEST GET https://serviceusage.googleapis.com/v1/projects/automatestudy/services/runtimeconfig.googleapis.com  
 
[debug] [2022-01-23T20:40:08.892Z] >>> HTTP REQUEST GET https://serviceusage.googleapis.com/v1/projects/automatestudy/services/cloudbuild.googleapis.com  
 
[debug] [2022-01-23T20:40:09.316Z] <<< HTTP RESPONSE 200 {"content-type":"application/json; charset=UTF-8","vary":"X-Origin, Referer, Origin,Accept-Encoding","date":"Sun, 23 Jan 2022 20:40:09 GMT","server":"ESF","cache-control":"private","x-xss-protection":"0","x-frame-options":"SAMEORIGIN","x-content-type-options":"nosniff","alt-svc":"h3=\":443\"; ma=2592000,h3-29=\":443\"; ma=2592000,h3-Q050=\":443\"; ma=2592000,h3-Q046=\":443\"; ma=2592000,h3-Q043=\":443\"; ma=2592000,quic=\":443\"; ma=2592000; v=\"46,43\"","accept-ranges":"none","transfer-encoding":"chunked"}
[debug] [2022-01-23T20:40:09.347Z] <<< HTTP RESPONSE 200 {"content-type":"application/json; charset=UTF-8","vary":"X-Origin, Referer, Origin,Accept-Encoding","date":"Sun, 23 Jan 2022 20:40:09 GMT","server":"ESF","cache-control":"private","x-xss-protection":"0","x-frame-options":"SAMEORIGIN","x-content-type-options":"nosniff","alt-svc":"h3=\":443\"; ma=2592000,h3-29=\":443\"; ma=2592000,h3-Q050=\":443\"; ma=2592000,h3-Q046=\":443\"; ma=2592000,h3-Q043=\":443\"; ma=2592000,quic=\":443\"; ma=2592000; v=\"46,43\"","accept-ranges":"none","transfer-encoding":"chunked"}
[info] ✔  functions: required API cloudbuild.googleapis.com is enabled 
[debug] [2022-01-23T20:40:09.351Z] <<< HTTP RESPONSE 200 {"content-type":"application/json; charset=UTF-8","vary":"X-Origin, Referer, Origin,Accept-Encoding","date":"Sun, 23 Jan 2022 20:40:09 GMT","server":"ESF","cache-control":"private","x-xss-protection":"0","x-frame-options":"SAMEORIGIN","x-content-type-options":"nosniff","alt-svc":"h3=\":443\"; ma=2592000,h3-29=\":443\"; ma=2592000,h3-Q050=\":443\"; ma=2592000,h3-Q046=\":443\"; ma=2592000,h3-Q043=\":443\"; ma=2592000,quic=\":443\"; ma=2592000; v=\"46,43\"","accept-ranges":"none","transfer-encoding":"chunked"}
[info] ✔  functions: required API cloudfunctions.googleapis.com is enabled 
[debug] [2022-01-23T20:40:09.353Z] >>> HTTP REQUEST GET https://firebase.googleapis.com/v1beta1/projects/automatestudy/adminSdkConfig  
 
[debug] [2022-01-23T20:40:09.648Z] <<< HTTP RESPONSE 200 {"content-type":"application/json; charset=UTF-8","vary":"X-Origin, Referer, Origin,Accept-Encoding","date":"Sun, 23 Jan 2022 20:40:09 GMT","server":"ESF","cache-control":"private","x-xss-protection":"0","x-frame-options":"SAMEORIGIN","x-content-type-options":"nosniff","alt-svc":"h3=\":443\"; ma=2592000,h3-29=\":443\"; ma=2592000,h3-Q050=\":443\"; ma=2592000,h3-Q046=\":443\"; ma=2592000,h3-Q043=\":443\"; ma=2592000,quic=\":443\"; ma=2592000; v=\"46,43\"","accept-ranges":"none","transfer-encoding":"chunked"}
[debug] [2022-01-23T20:40:09.651Z] >>> HTTP REQUEST GET https://runtimeconfig.googleapis.com/v1beta1/projects/automatestudy/configs  
 
[debug] [2022-01-23T20:40:09.874Z] <<< HTTP RESPONSE 200 {"content-type":"application/json; charset=UTF-8","vary":"X-Origin, Referer, Origin,Accept-Encoding","date":"Sun, 23 Jan 2022 20:40:09 GMT","server":"ESF","cache-control":"private","x-xss-protection":"0","x-frame-options":"SAMEORIGIN","x-content-type-options":"nosniff","alt-svc":"h3=\":443\"; ma=2592000,h3-29=\":443\"; ma=2592000,h3-Q050=\":443\"; ma=2592000,h3-Q046=\":443\"; ma=2592000,h3-Q043=\":443\"; ma=2592000,quic=\":443\"; ma=2592000; v=\"46,43\"","accept-ranges":"none","transfer-encoding":"chunked"}
[debug] [2022-01-23T20:40:09.877Z] Analyzing nodejs backend spec
[info] i  functions: preparing functions directory for uploading... 
[info] i  functions: packaged functions (97.23 KB) for uploading 
[debug] [2022-01-23T20:40:10.234Z] > refreshing access token with scopes: ["email","https://www.googleapis.com/auth/cloud-platform","https://www.googleapis.com/auth/cloudplatformprojects.readonly","https://www.googleapis.com/auth/firebase","openid"]
[debug] [2022-01-23T20:40:10.234Z] >>> HTTP REQUEST POST https://www.googleapis.com/oauth2/v3/token  
 <request body omitted>
[debug] [2022-01-23T20:40:10.333Z] <<< HTTP RESPONSE 200 {"expires":"Mon, 01 Jan 1990 00:00:00 GMT","date":"Sun, 23 Jan 2022 20:40:10 GMT","pragma":"no-cache","cache-control":"no-cache, no-store, max-age=0, must-revalidate","content-type":"application/json; charset=utf-8","vary":"X-Origin, Referer, Origin,Accept-Encoding","server":"scaffolding on HTTPServer2","x-xss-protection":"0","x-frame-options":"SAMEORIGIN","x-content-type-options":"nosniff","alt-svc":"h3=\":443\"; ma=2592000,h3-29=\":443\"; ma=2592000,h3-Q050=\":443\"; ma=2592000,h3-Q046=\":443\"; ma=2592000,h3-Q043=\":443\"; ma=2592000,quic=\":443\"; ma=2592000; v=\"46,43\"","accept-ranges":"none","transfer-encoding":"chunked"}
[debug] [2022-01-23T20:40:10.383Z] >>> HTTP REQUEST GET https://cloudfunctions.googleapis.com/v1/projects/automatestudy/locations/-/functions  
 
[debug] [2022-01-23T20:40:10.911Z] <<< HTTP RESPONSE 200 {"content-type":"application/json; charset=UTF-8","vary":"X-Origin, Referer, Origin,Accept-Encoding","date":"Sun, 23 Jan 2022 20:40:10 GMT","server":"ESF","cache-control":"private","x-xss-protection":"0","x-frame-options":"SAMEORIGIN","x-content-type-options":"nosniff","alt-svc":"h3=\":443\"; ma=2592000,h3-29=\":443\"; ma=2592000,h3-Q050=\":443\"; ma=2592000,h3-Q046=\":443\"; ma=2592000,h3-Q043=\":443\"; ma=2592000,quic=\":443\"; ma=2592000; v=\"46,43\"","accept-ranges":"none","transfer-encoding":"chunked"}
[debug] [2022-01-23T20:40:10.913Z] >>> HTTP REQUEST POST https://cloudfunctions.googleapis.com/v1/projects/automatestudy/locations/us-central1/functions:generateUploadUrl  
 
[debug] [2022-01-23T20:40:11.545Z] <<< HTTP RESPONSE 200 {"content-type":"application/json; charset=UTF-8","vary":"X-Origin, Referer, Origin,Accept-Encoding","date":"Sun, 23 Jan 2022 20:40:11 GMT","server":"ESF","cache-control":"private","x-xss-protection":"0","x-frame-options":"SAMEORIGIN","x-content-type-options":"nosniff","alt-svc":"h3=\":443\"; ma=2592000,h3-29=\":443\"; ma=2592000,h3-Q050=\":443\"; ma=2592000,h3-Q046=\":443\"; ma=2592000,h3-Q043=\":443\"; ma=2592000,quic=\":443\"; ma=2592000; v=\"46,43\"","accept-ranges":"none","transfer-encoding":"chunked"}
[debug] [2022-01-23T20:40:11.548Z] >>> HTTP REQUEST PUT https://storage.googleapis.com/gcf-upload-us-central1-408a9736-8aaf-452f-8cdb-90a8494cfe58/ab0330be-c300-4dfa-b198-c74b7de493a1.zip?GoogleAccessId=service-428180239187@gcf-admin-robot.iam.gserviceaccount.com&Expires=1642972211&Signature=NsWcVZlfWaP%2Bms9wODAfsf4ShQYEi3HZo5ZztTnMnO6jQ7TU%2FgQqJ0Cuf28sP9f0qnLaYRiNAYcQR5OGR5eECA6GtSjlhyg2BjgH471uvQu0HwfHC3CbzGVtsKI2fL2Pxvy9hIfDlKLF7uV2sv009CS8dktMH2o0SxI6dcKRNBd8jjbbWacGIxmb3mEMfexAuAB3Gt4OFjqkFHogtlLJ62OzlB96rca%2FsJYxwlv1iDU0DQ7qhSYG7zihzLWNhun1wjTBamfn8y%2B4f7PeHqp5Khq5F2%2BNG6cmt5Gs2bm2ZFqa1%2FC%2B%2BnAhYh3pV5JFsaXvnFhTmvMd56s3fZXQDFekww%3D%3D  
 <request body omitted>
[debug] [2022-01-23T20:40:11.808Z] <<< HTTP RESPONSE 200 {"x-guploader-uploadid":"ADPycdu-3cQAOrfSlmF-O4DMkXF9DDnII2mTQDLS_ZkYJluIw3mFodK90FeCpQWh9h11uCVUiAKTAIt_SnP-bePANV3cncklcg","etag":"\"4e4aa9acfd6f6e91da0c793ed50bd823\"","x-goog-generation":"1642970411762153","x-goog-metageneration":"1","x-goog-hash":"crc32c=GzyqBw==, md5=TkqprP1vbpHaDHk+1QvYIw==","x-goog-stored-content-length":"99560","x-goog-stored-content-encoding":"identity","vary":"Origin","content-length":"0","date":"Sun, 23 Jan 2022 20:40:11 GMT","server":"UploadServer","content-type":"text/html; charset=UTF-8","alt-svc":"h3=\":443\"; ma=2592000,h3-29=\":443\"; ma=2592000,h3-Q050=\":443\"; ma=2592000,h3-Q046=\":443\"; ma=2592000,h3-Q043=\":443\"; ma=2592000,quic=\":443\"; ma=2592000; v=\"46,43\""}
[info] ✔  functions: functions folder uploaded successfully 
[info] i  functions: updating Node.js 14 function automatestudy(us-central1)... 
[debug] [2022-01-23T20:40:11.817Z] >>> HTTP REQUEST PATCH https://cloudfunctions.googleapis.com/v1/projects/automatestudy/locations/us-central1/functions/automatestudy {"updateMask":"name,sourceUploadUrl,entryPoint,runtime,labels,httpsTrigger,availableMemoryMb,environmentVariables,sourceToken"} 
 {"name":"projects/automatestudy/locations/us-central1/functions/automatestudy","sourceUploadUrl":"https://storage.googleapis.com/gcf-upload-us-central1-408a9736-8aaf-452f-8cdb-90a8494cfe58/ab0330be-c300-4dfa-b198-c74b7de493a1.zip?GoogleAccessId=service-428180239187@gcf-admin-robot.iam.gserviceaccount.com&Expires=1642972211&Signature=NsWcVZlfWaP%2Bms9wODAfsf4ShQYEi3HZo5ZztTnMnO6jQ7TU%2FgQqJ0Cuf28sP9f0qnLaYRiNAYcQR5OGR5eECA6GtSjlhyg2BjgH471uvQu0HwfHC3CbzGVtsKI2fL2Pxvy9hIfDlKLF7uV2sv009CS8dktMH2o0SxI6dcKRNBd8jjbbWacGIxmb3mEMfexAuAB3Gt4OFjqkFHogtlLJ62OzlB96rca%2FsJYxwlv1iDU0DQ7qhSYG7zihzLWNhun1wjTBamfn8y%2B4f7PeHqp5Khq5F2%2BNG6cmt5Gs2bm2ZFqa1%2FC%2B%2BnAhYh3pV5JFsaXvnFhTmvMd56s3fZXQDFekww%3D%3D","entryPoint":"automatestudy","runtime":"nodejs14","labels":{"deployment-tool":"cli-firebase"},"httpsTrigger":{},"availableMemoryMb":256,"environmentVariables":{"FIREBASE_CONFIG":"{\"projectId\":\"automatestudy\",\"storageBucket\":\"automatestudy.appspot.com\",\"locationId\":\"us-central\"}","GCLOUD_PROJECT":"automatestudy"}}
[debug] [2022-01-23T20:40:12.351Z] <<< HTTP RESPONSE 200 {"content-type":"application/json; charset=UTF-8","vary":"X-Origin, Referer, Origin,Accept-Encoding","date":"Sun, 23 Jan 2022 20:40:12 GMT","server":"ESF","cache-control":"private","x-xss-protection":"0","x-frame-options":"SAMEORIGIN","x-content-type-options":"nosniff","alt-svc":"h3=\":443\"; ma=2592000,h3-29=\":443\"; ma=2592000,h3-Q050=\":443\"; ma=2592000,h3-Q046=\":443\"; ma=2592000,h3-Q043=\":443\"; ma=2592000,quic=\":443\"; ma=2592000; v=\"46,43\"","accept-ranges":"none","transfer-encoding":"chunked"}
[debug] [2022-01-23T20:40:12.354Z] > refreshing access token with scopes: []
[debug] [2022-01-23T20:40:12.355Z] >>> HTTP REQUEST POST https://www.googleapis.com/oauth2/v3/token  
 <request body omitted>
[debug] [2022-01-23T20:40:12.451Z] <<< HTTP RESPONSE 200 {"expires":"Mon, 01 Jan 1990 00:00:00 GMT","pragma":"no-cache","date":"Sun, 23 Jan 2022 20:40:12 GMT","cache-control":"no-cache, no-store, max-age=0, must-revalidate","content-type":"application/json; charset=utf-8","vary":"X-Origin, Referer, Origin,Accept-Encoding","server":"scaffolding on HTTPServer2","x-xss-protection":"0","x-frame-options":"SAMEORIGIN","x-content-type-options":"nosniff","alt-svc":"h3=\":443\"; ma=2592000,h3-29=\":443\"; ma=2592000,h3-Q050=\":443\"; ma=2592000,h3-Q046=\":443\"; ma=2592000,h3-Q043=\":443\"; ma=2592000,quic=\":443\"; ma=2592000; v=\"46,43\"","accept-ranges":"none","transfer-encoding":"chunked"}
[debug] [2022-01-23T20:40:12.502Z] >>> [apiv2][query] GET https://cloudfunctions.googleapis.com/v1/operations/YXV0b21hdGVzdHVkeS91cy1jZW50cmFsMS9hdXRvbWF0ZXN0dWR5L0o5OHRDWnM5NTBB [none]
[debug] [2022-01-23T20:40:12.692Z] <<< [apiv2][status] GET https://cloudfunctions.googleapis.com/v1/operations/YXV0b21hdGVzdHVkeS91cy1jZW50cmFsMS9hdXRvbWF0ZXN0dWR5L0o5OHRDWnM5NTBB 200
[debug] [2022-01-23T20:40:12.692Z] <<< [apiv2][body] GET https://cloudfunctions.googleapis.com/v1/operations/YXV0b21hdGVzdHVkeS91cy1jZW50cmFsMS9hdXRvbWF0ZXN0dWR5L0o5OHRDWnM5NTBB {"name":"operations/YXV0b21hdGVzdHVkeS91cy1jZW50cmFsMS9hdXRvbWF0ZXN0dWR5L0o5OHRDWnM5NTBB","metadata":{"@type":"type.googleapis.com/google.cloud.functions.v1.OperationMetadataV1","target":"projects/automatestudy/locations/us-central1/functions/automatestudy","type":"UPDATE_FUNCTION","request":{"@type":"type.googleapis.com/google.cloud.functions.v1.CloudFunction","name":"projects/automatestudy/locations/us-central1/functions/automatestudy","httpsTrigger":{},"status":"ACTIVE","entryPoint":"automatestudy","timeout":"60s","availableMemoryMb":256,"serviceAccountEmail":"automatestudy@appspot.gserviceaccount.com","updateTime":"2022-01-23T19:49:01.093Z","versionId":"36","labels":{"deployment-tool":"cli-firebase"},"sourceUploadUrl":"https://storage.googleapis.com/gcf-upload-us-central1-408a9736-8aaf-452f-8cdb-90a8494cfe58/ab0330be-c300-4dfa-b198-c74b7de493a1.zip?GoogleAccessId=service-428180239187@gcf-admin-robot.iam.gserviceaccount.com&Expires=1642972211&Signature=NsWcVZlfWaP%2Bms9wODAfsf4ShQYEi3HZo5ZztTnMnO6jQ7TU%2FgQqJ0Cuf28sP9f0qnLaYRiNAYcQR5OGR5eECA6GtSjlhyg2BjgH471uvQu0HwfHC3CbzGVtsKI2fL2Pxvy9hIfDlKLF7uV2sv009CS8dktMH2o0SxI6dcKRNBd8jjbbWacGIxmb3mEMfexAuAB3Gt4OFjqkFHogtlLJ62OzlB96rca%2FsJYxwlv1iDU0DQ7qhSYG7zihzLWNhun1wjTBamfn8y%2B4f7PeHqp5Khq5F2%2BNG6cmt5Gs2bm2ZFqa1%2FC%2B%2BnAhYh3pV5JFsaXvnFhTmvMd56s3fZXQDFekww%3D%3D","environmentVariables":{"FIREBASE_CONFIG":"{\"projectId\":\"automatestudy\",\"storageBucket\":\"automatestudy.appspot.com\",\"locationId\":\"us-central\"}","GCLOUD_PROJECT":"automatestudy"},"runtime":"nodejs14","ingressSettings":"ALLOW_ALL","buildId":"e25b9087-299e-4765-9f1a-bf5f395b04bb","buildName":"projects/428180239187/locations/us-central1/builds/e25b9087-299e-4765-9f1a-bf5f395b04bb"},"versionId":"37","updateTime":"2022-01-23T20:40:12Z","buildName":"projects/428180239187/locations/us-central1/builds/e25b9087-299e-4765-9f1a-bf5f395b04bb"}}
[debug] [2022-01-23T20:40:13.196Z] [update-us-central1-automatestudy] Retrying task index 0
[debug] [2022-01-23T20:40:13.198Z] >>> [apiv2][query] GET https://cloudfunctions.googleapis.com/v1/operations/YXV0b21hdGVzdHVkeS91cy1jZW50cmFsMS9hdXRvbWF0ZXN0dWR5L0o5OHRDWnM5NTBB [none]
[debug] [2022-01-23T20:40:13.367Z] <<< [apiv2][status] GET https://cloudfunctions.googleapis.com/v1/operations/YXV0b21hdGVzdHVkeS91cy1jZW50cmFsMS9hdXRvbWF0ZXN0dWR5L0o5OHRDWnM5NTBB 200
[debug] [2022-01-23T20:40:13.368Z] <<< [apiv2][body] GET https://cloudfunctions.googleapis.com/v1/operations/YXV0b21hdGVzdHVkeS91cy1jZW50cmFsMS9hdXRvbWF0ZXN0dWR5L0o5OHRDWnM5NTBB {"name":"operations/YXV0b21hdGVzdHVkeS91cy1jZW50cmFsMS9hdXRvbWF0ZXN0dWR5L0o5OHRDWnM5NTBB","metadata":{"@type":"type.googleapis.com/google.cloud.functions.v1.OperationMetadataV1","target":"projects/automatestudy/locations/us-central1/functions/automatestudy","type":"UPDATE_FUNCTION","request":{"@type":"type.googleapis.com/google.cloud.functions.v1.CloudFunction","name":"projects/automatestudy/locations/us-central1/functions/automatestudy","httpsTrigger":{},"status":"ACTIVE","entryPoint":"automatestudy","timeout":"60s","availableMemoryMb":256,"serviceAccountEmail":"automatestudy@appspot.gserviceaccount.com","updateTime":"2022-01-23T19:49:01.093Z","versionId":"36","labels":{"deployment-tool":"cli-firebase"},"sourceUploadUrl":"https://storage.googleapis.com/gcf-upload-us-central1-408a9736-8aaf-452f-8cdb-90a8494cfe58/ab0330be-c300-4dfa-b198-c74b7de493a1.zip?GoogleAccessId=service-428180239187@gcf-admin-robot.iam.gserviceaccount.com&Expires=1642972211&Signature=NsWcVZlfWaP%2Bms9wODAfsf4ShQYEi3HZo5ZztTnMnO6jQ7TU%2FgQqJ0Cuf28sP9f0qnLaYRiNAYcQR5OGR5eECA6GtSjlhyg2BjgH471uvQu0HwfHC3CbzGVtsKI2fL2Pxvy9hIfDlKLF7uV2sv009CS8dktMH2o0SxI6dcKRNBd8jjbbWacGIxmb3mEMfexAuAB3Gt4OFjqkFHogtlLJ62OzlB96rca%2FsJYxwlv1iDU0DQ7qhSYG7zihzLWNhun1wjTBamfn8y%2B4f7PeHqp5Khq5F2%2BNG6cmt5Gs2bm2ZFqa1%2FC%2B%2BnAhYh3pV5JFsaXvnFhTmvMd56s3fZXQDFekww%3D%3D","environmentVariables":{"FIREBASE_CONFIG":"{\"projectId\":\"automatestudy\",\"storageBucket\":\"automatestudy.appspot.com\",\"locationId\":\"us-central\"}","GCLOUD_PROJECT":"automatestudy"},"runtime":"nodejs14","ingressSettings":"ALLOW_ALL","buildId":"e25b9087-299e-4765-9f1a-bf5f395b04bb","buildName":"projects/428180239187/locations/us-central1/builds/e25b9087-299e-4765-9f1a-bf5f395b04bb"},"versionId":"37","updateTime":"2022-01-23T20:40:12Z","buildId":"6f1d3a1a-4024-45ae-b17c-7a7c66767566","buildName":"projects/428180239187/locations/us-central1/builds/6f1d3a1a-4024-45ae-b17c-7a7c66767566"}}
[debug] [2022-01-23T20:40:14.371Z] [update-us-central1-automatestudy] Retrying task index 0
[debug] [2022-01-23T20:40:14.374Z] >>> [apiv2][query] GET https://cloudfunctions.googleapis.com/v1/operations/YXV0b21hdGVzdHVkeS91cy1jZW50cmFsMS9hdXRvbWF0ZXN0dWR5L0o5OHRDWnM5NTBB [none]
[debug] [2022-01-23T20:40:15.551Z] <<< [apiv2][status] GET https://cloudfunctions.googleapis.com/v1/operations/YXV0b21hdGVzdHVkeS91cy1jZW50cmFsMS9hdXRvbWF0ZXN0dWR5L0o5OHRDWnM5NTBB 200
[debug] [2022-01-23T20:40:15.552Z] <<< [apiv2][body] GET https://cloudfunctions.googleapis.com/v1/operations/YXV0b21hdGVzdHVkeS91cy1jZW50cmFsMS9hdXRvbWF0ZXN0dWR5L0o5OHRDWnM5NTBB {"name":"operations/YXV0b21hdGVzdHVkeS91cy1jZW50cmFsMS9hdXRvbWF0ZXN0dWR5L0o5OHRDWnM5NTBB","metadata":{"@type":"type.googleapis.com/google.cloud.functions.v1.OperationMetadataV1","target":"projects/automatestudy/locations/us-central1/functions/automatestudy","type":"UPDATE_FUNCTION","request":{"@type":"type.googleapis.com/google.cloud.functions.v1.CloudFunction","name":"projects/automatestudy/locations/us-central1/functions/automatestudy","httpsTrigger":{},"status":"ACTIVE","entryPoint":"automatestudy","timeout":"60s","availableMemoryMb":256,"serviceAccountEmail":"automatestudy@appspot.gserviceaccount.com","updateTime":"2022-01-23T19:49:01.093Z","versionId":"36","labels":{"deployment-tool":"cli-firebase"},"sourceUploadUrl":"https://storage.googleapis.com/gcf-upload-us-central1-408a9736-8aaf-452f-8cdb-90a8494cfe58/ab0330be-c300-4dfa-b198-c74b7de493a1.zip?GoogleAccessId=service-428180239187@gcf-admin-robot.iam.gserviceaccount.com&Expires=1642972211&Signature=NsWcVZlfWaP%2Bms9wODAfsf4ShQYEi3HZo5ZztTnMnO6jQ7TU%2FgQqJ0Cuf28sP9f0qnLaYRiNAYcQR5OGR5eECA6GtSjlhyg2BjgH471uvQu0HwfHC3CbzGVtsKI2fL2Pxvy9hIfDlKLF7uV2sv009CS8dktMH2o0SxI6dcKRNBd8jjbbWacGIxmb3mEMfexAuAB3Gt4OFjqkFHogtlLJ62OzlB96rca%2FsJYxwlv1iDU0DQ7qhSYG7zihzLWNhun1wjTBamfn8y%2B4f7PeHqp5Khq5F2%2BNG6cmt5Gs2bm2ZFqa1%2FC%2B%2BnAhYh3pV5JFsaXvnFhTmvMd56s3fZXQDFekww%3D%3D","environmentVariables":{"FIREBASE_CONFIG":"{\"projectId\":\"automatestudy\",\"storageBucket\":\"automatestudy.appspot.com\",\"locationId\":\"us-central\"}","GCLOUD_PROJECT":"automatestudy"},"runtime":"nodejs14","ingressSettings":"ALLOW_ALL","buildId":"e25b9087-299e-4765-9f1a-bf5f395b04bb","buildName":"projects/428180239187/locations/us-central1/builds/e25b9087-299e-4765-9f1a-bf5f395b04bb"},"versionId":"37","updateTime":"2022-01-23T20:40:12Z","buildId":"6f1d3a1a-4024-45ae-b17c-7a7c66767566","buildName":"projects/428180239187/locations/us-central1/builds/6f1d3a1a-4024-45ae-b17c-7a7c66767566"}}
[debug] [2022-01-23T20:40:17.553Z] [update-us-central1-automatestudy] Retrying task index 0
[debug] [2022-01-23T20:40:17.553Z] >>> [apiv2][query] GET https://cloudfunctions.googleapis.com/v1/operations/YXV0b21hdGVzdHVkeS91cy1jZW50cmFsMS9hdXRvbWF0ZXN0dWR5L0o5OHRDWnM5NTBB [none]
[debug] [2022-01-23T20:40:17.727Z] <<< [apiv2][status] GET https://cloudfunctions.googleapis.com/v1/operations/YXV0b21hdGVzdHVkeS91cy1jZW50cmFsMS9hdXRvbWF0ZXN0dWR5L0o5OHRDWnM5NTBB 200
[debug] [2022-01-23T20:40:17.727Z] <<< [apiv2][body] GET https://cloudfunctions.googleapis.com/v1/operations/YXV0b21hdGVzdHVkeS91cy1jZW50cmFsMS9hdXRvbWF0ZXN0dWR5L0o5OHRDWnM5NTBB {"name":"operations/YXV0b21hdGVzdHVkeS91cy1jZW50cmFsMS9hdXRvbWF0ZXN0dWR5L0o5OHRDWnM5NTBB","metadata":{"@type":"type.googleapis.com/google.cloud.functions.v1.OperationMetadataV1","target":"projects/automatestudy/locations/us-central1/functions/automatestudy","type":"UPDATE_FUNCTION","request":{"@type":"type.googleapis.com/google.cloud.functions.v1.CloudFunction","name":"projects/automatestudy/locations/us-central1/functions/automatestudy","httpsTrigger":{},"status":"ACTIVE","entryPoint":"automatestudy","timeout":"60s","availableMemoryMb":256,"serviceAccountEmail":"automatestudy@appspot.gserviceaccount.com","updateTime":"2022-01-23T19:49:01.093Z","versionId":"36","labels":{"deployment-tool":"cli-firebase"},"sourceUploadUrl":"https://storage.googleapis.com/gcf-upload-us-central1-408a9736-8aaf-452f-8cdb-90a8494cfe58/ab0330be-c300-4dfa-b198-c74b7de493a1.zip?GoogleAccessId=service-428180239187@gcf-admin-robot.iam.gserviceaccount.com&Expires=1642972211&Signature=NsWcVZlfWaP%2Bms9wODAfsf4ShQYEi3HZo5ZztTnMnO6jQ7TU%2FgQqJ0Cuf28sP9f0qnLaYRiNAYcQR5OGR5eECA6GtSjlhyg2BjgH471uvQu0HwfHC3CbzGVtsKI2fL2Pxvy9hIfDlKLF7uV2sv009CS8dktMH2o0SxI6dcKRNBd8jjbbWacGIxmb3mEMfexAuAB3Gt4OFjqkFHogtlLJ62OzlB96rca%2FsJYxwlv1iDU0DQ7qhSYG7zihzLWNhun1wjTBamfn8y%2B4f7PeHqp5Khq5F2%2BNG6cmt5Gs2bm2ZFqa1%2FC%2B%2BnAhYh3pV5JFsaXvnFhTmvMd56s3fZXQDFekww%3D%3D","environmentVariables":{"FIREBASE_CONFIG":"{\"projectId\":\"automatestudy\",\"storageBucket\":\"automatestudy.appspot.com\",\"locationId\":\"us-central\"}","GCLOUD_PROJECT":"automatestudy"},"runtime":"nodejs14","ingressSettings":"ALLOW_ALL","buildId":"e25b9087-299e-4765-9f1a-bf5f395b04bb","buildName":"projects/428180239187/locations/us-central1/builds/e25b9087-299e-4765-9f1a-bf5f395b04bb"},"versionId":"37","updateTime":"2022-01-23T20:40:12Z","buildId":"6f1d3a1a-4024-45ae-b17c-7a7c66767566","buildName":"projects/428180239187/locations/us-central1/builds/6f1d3a1a-4024-45ae-b17c-7a7c66767566"}}
[debug] [2022-01-23T20:40:21.728Z] [update-us-central1-automatestudy] Retrying task index 0
[debug] [2022-01-23T20:40:21.730Z] >>> [apiv2][query] GET https://cloudfunctions.googleapis.com/v1/operations/YXV0b21hdGVzdHVkeS91cy1jZW50cmFsMS9hdXRvbWF0ZXN0dWR5L0o5OHRDWnM5NTBB [none]
[debug] [2022-01-23T20:40:21.922Z] <<< [apiv2][status] GET https://cloudfunctions.googleapis.com/v1/operations/YXV0b21hdGVzdHVkeS91cy1jZW50cmFsMS9hdXRvbWF0ZXN0dWR5L0o5OHRDWnM5NTBB 200
[debug] [2022-01-23T20:40:21.922Z] <<< [apiv2][body] GET https://cloudfunctions.googleapis.com/v1/operations/YXV0b21hdGVzdHVkeS91cy1jZW50cmFsMS9hdXRvbWF0ZXN0dWR5L0o5OHRDWnM5NTBB {"name":"operations/YXV0b21hdGVzdHVkeS91cy1jZW50cmFsMS9hdXRvbWF0ZXN0dWR5L0o5OHRDWnM5NTBB","metadata":{"@type":"type.googleapis.com/google.cloud.functions.v1.OperationMetadataV1","target":"projects/automatestudy/locations/us-central1/functions/automatestudy","type":"UPDATE_FUNCTION","request":{"@type":"type.googleapis.com/google.cloud.functions.v1.CloudFunction","name":"projects/automatestudy/locations/us-central1/functions/automatestudy","httpsTrigger":{},"status":"ACTIVE","entryPoint":"automatestudy","timeout":"60s","availableMemoryMb":256,"serviceAccountEmail":"automatestudy@appspot.gserviceaccount.com","updateTime":"2022-01-23T19:49:01.093Z","versionId":"36","labels":{"deployment-tool":"cli-firebase"},"sourceUploadUrl":"https://storage.googleapis.com/gcf-upload-us-central1-408a9736-8aaf-452f-8cdb-90a8494cfe58/ab0330be-c300-4dfa-b198-c74b7de493a1.zip?GoogleAccessId=service-428180239187@gcf-admin-robot.iam.gserviceaccount.com&Expires=1642972211&Signature=NsWcVZlfWaP%2Bms9wODAfsf4ShQYEi3HZo5ZztTnMnO6jQ7TU%2FgQqJ0Cuf28sP9f0qnLaYRiNAYcQR5OGR5eECA6GtSjlhyg2BjgH471uvQu0HwfHC3CbzGVtsKI2fL2Pxvy9hIfDlKLF7uV2sv009CS8dktMH2o0SxI6dcKRNBd8jjbbWacGIxmb3mEMfexAuAB3Gt4OFjqkFHogtlLJ62OzlB96rca%2FsJYxwlv1iDU0DQ7qhSYG7zihzLWNhun1wjTBamfn8y%2B4f7PeHqp5Khq5F2%2BNG6cmt5Gs2bm2ZFqa1%2FC%2B%2BnAhYh3pV5JFsaXvnFhTmvMd56s3fZXQDFekww%3D%3D","environmentVariables":{"FIREBASE_CONFIG":"{\"projectId\":\"automatestudy\",\"storageBucket\":\"automatestudy.appspot.com\",\"locationId\":\"us-central\"}","GCLOUD_PROJECT":"automatestudy"},"runtime":"nodejs14","ingressSettings":"ALLOW_ALL","buildId":"e25b9087-299e-4765-9f1a-bf5f395b04bb","buildName":"projects/428180239187/locations/us-central1/builds/e25b9087-299e-4765-9f1a-bf5f395b04bb"},"versionId":"37","updateTime":"2022-01-23T20:40:12Z","buildId":"6f1d3a1a-4024-45ae-b17c-7a7c66767566","buildName":"projects/428180239187/locations/us-central1/builds/6f1d3a1a-4024-45ae-b17c-7a7c66767566"}}
