[2021-12-28T20:57:23.434] [TRACE] default - {refreshAccessTokens} Refreshing access token for user dtI44zsG0uWGDC5Vs5NiKFucfue2
[2021-12-28T20:58:04.818] [TRACE] default - {refreshAccessTokens} Refreshing access token for user dtI44zsG0uWGDC5Vs5NiKFucfue2
[2021-12-28T20:58:16.149] [TRACE] default - {refreshAccessTokens} Refreshing access token for user dtI44zsG0uWGDC5Vs5NiKFucfue2
[2021-12-28T20:58:21.841] [TRACE] default - {refreshAccessTokens} Refreshing access token for user dtI44zsG0uWGDC5Vs5NiKFucfue2
[2021-12-28T20:58:22.446] [TRACE] default - {refreshAccessTokens} Refreshing access token for user dtI44zsG0uWGDC5Vs5NiKFucfue2
[2021-12-28T20:58:38.113] [TRACE] default - {refreshAccessTokens} Refreshing access token for user dtI44zsG0uWGDC5Vs5NiKFucfue2
[2021-12-28T20:58:43.635] [TRACE] default - {refreshAccessTokens} Refreshing access token for user dtI44zsG0uWGDC5Vs5NiKFucfue2
[2021-12-28T20:58:50.841] [TRACE] default - {refreshAccessTokens} Refreshing access token for user dtI44zsG0uWGDC5Vs5NiKFucfue2
[2021-12-28T20:58:56.317] [TRACE] default - {refreshAccessTokens} Refreshing access token for user dtI44zsG0uWGDC5Vs5NiKFucfue2
[2021-12-29T00:01:24.936] [TRACE] default - {refreshAccessTokens} Refreshing access token for user dtI44zsG0uWGDC5Vs5NiKFucfue2
[2021-12-29T00:01:31.714] [TRACE] default - {refreshAccessTokens} Refreshing access token for user dtI44zsG0uWGDC5Vs5NiKFucfue2
[2021-12-29T00:01:38.916] [TRACE] default - {refreshAccessTokens} Refreshing access token for user dtI44zsG0uWGDC5Vs5NiKFucfue2
[2022-01-23T17:55:57.303] [TRACE] default - Forming parent for secret_EUzOFcAKtTyvCKVsVzEiHdCdGZsbk8RhaQ8Dnl1oLuQ
[2022-03-27T12:23:55.745] [TRACE] default - {refreshAccessTokens} Refreshing access token for user 3yX7HjczfDV2gQw3pCSkPBIXWyf1
[2022-03-27T12:24:20.509] [TRACE] default - {refreshAccessTokens} Refreshing access token for user 3yX7HjczfDV2gQw3pCSkPBIXWyf1
[2022-03-27T12:26:28.936] [TRACE] default - {refreshAccessTokens} Refreshing access token for user 3yX7HjczfDV2gQw3pCSkPBIXWyf1
[2022-03-27T12:26:39.896] [TRACE] default - {refreshAccessTokens} Refreshing access token for user 3yX7HjczfDV2gQw3pCSkPBIXWyf1
[2022-03-27T12:26:47.215] [TRACE] default - {refreshAccessTokens} Refreshing access token for user 3yX7HjczfDV2gQw3pCSkPBIXWyf1
[2022-03-27T12:26:59.707] [TRACE] default - {refreshAccessTokens} Refreshing access token for user 3yX7HjczfDV2gQw3pCSkPBIXWyf1
[2022-03-27T12:27:06.278] [TRACE] default - {refreshAccessTokens} Refreshing access token for user 3yX7HjczfDV2gQw3pCSkPBIXWyf1
[2022-03-27T12:27:17.841] [TRACE] default - {refreshAccessTokens} Refreshing access token for user 3yX7HjczfDV2gQw3pCSkPBIXWyf1
[2022-03-27T12:27:26.666] [TRACE] default - {refreshAccessTokens} Refreshing access token for user 3yX7HjczfDV2gQw3pCSkPBIXWyf1
[2022-03-27T12:27:29.472] [TRACE] default - {refreshAccessTokens} Refreshing access token for user 3yX7HjczfDV2gQw3pCSkPBIXWyf1
[2022-03-27T12:27:42.370] [TRACE] default - {refreshAccessTokens} Refreshing access token for user 3yX7HjczfDV2gQw3pCSkPBIXWyf1
[2022-03-27T12:28:42.000] [TRACE] default - {refreshAccessTokens} Refreshing access token for user 3yX7HjczfDV2gQw3pCSkPBIXWyf1
[2022-03-27T12:33:08.213] [TRACE] default - {refreshAccessTokens} Refreshing access token for user 3yX7HjczfDV2gQw3pCSkPBIXWyf1
[2022-03-27T12:34:39.302] [TRACE] default - {refreshAccessTokens} Refreshing access token for user 3yX7HjczfDV2gQw3pCSkPBIXWyf1
[2022-03-27T12:36:04.215] [TRACE] default - {refreshAccessTokens} Refreshing access token for user 3yX7HjczfDV2gQw3pCSkPBIXWyf1
[2022-03-27T12:36:07.919] [TRACE] default - {refreshAccessTokens} Refreshing access token for user 3yX7HjczfDV2gQw3pCSkPBIXWyf1
[2022-03-27T12:39:51.615] [TRACE] default - {refreshAccessTokens} Refreshing access token for user 3yX7HjczfDV2gQw3pCSkPBIXWyf1
[2022-03-27T12:41:14.995] [TRACE] default - {refreshAccessTokens} Refreshing access token for user 3yX7HjczfDV2gQw3pCSkPBIXWyf1
[2022-03-27T12:41:26.145] [TRACE] default - {refreshAccessTokens} Refreshing access token for user 3yX7HjczfDV2gQw3pCSkPBIXWyf1
[2022-03-27T12:49:45.082] [TRACE] default - {refreshAccessTokens} Refreshing access token for user 3yX7HjczfDV2gQw3pCSkPBIXWyf1
[2022-03-27T12:49:45.654] [TRACE] default - {refreshAccessTokens} Refreshing access token for user CX4bajXBRLZbTRNj1HyFOH7D1Lb2
[2022-03-27T12:49:47.247] [TRACE] default - {refreshAccessTokens} Refreshing access token for user dtI44zsG0uWGDC5Vs5NiKFucfue2
[2022-03-27T12:49:47.896] [TRACE] default - {refreshAccessTokens} Refreshing access token for user lnpSVP7T2PfuDXkX08qGg7coUpm1
[2022-03-27T12:49:48.356] [TRACE] default - {refreshAccessTokens} Refreshing access token for user gD9nVZ4BjbbEmwhNr6MO9cx3EB63
[2022-03-27T12:49:48.923] [TRACE] default - Creating entry ADAPTATION AND SPECIATION 3.pdf for secret_RP4iP1wCXKtPjvJbM6n7NIWRNDvZjepLWR5OfesL6Ac
[2022-03-27T12:50:02.779] [TRACE] default - {refreshAccessTokens} Refreshing access token for user 3yX7HjczfDV2gQw3pCSkPBIXWyf1
[2022-03-27T12:50:03.512] [TRACE] default - {refreshAccessTokens} Refreshing access token for user CX4bajXBRLZbTRNj1HyFOH7D1Lb2
[2022-03-27T12:50:04.018] [TRACE] default - {refreshAccessTokens} Refreshing access token for user dtI44zsG0uWGDC5Vs5NiKFucfue2
[2022-03-27T12:50:06.036] [TRACE] default - {refreshAccessTokens} Refreshing access token for user gD9nVZ4BjbbEmwhNr6MO9cx3EB63
[2022-03-27T12:50:06.535] [TRACE] default - {refreshAccessTokens} Refreshing access token for user lnpSVP7T2PfuDXkX08qGg7coUpm1
[2022-03-27T12:50:33.453] [TRACE] default - {refreshAccessTokens} Refreshing access token for user 3yX7HjczfDV2gQw3pCSkPBIXWyf1
[2022-03-27T12:50:34.046] [TRACE] default - {refreshAccessTokens} Refreshing access token for user dtI44zsG0uWGDC5Vs5NiKFucfue2
[2022-03-27T12:50:34.706] [TRACE] default - {refreshAccessTokens} Refreshing access token for user CX4bajXBRLZbTRNj1HyFOH7D1Lb2
[2022-03-27T12:50:36.535] [TRACE] default - {refreshAccessTokens} Refreshing access token for user lnpSVP7T2PfuDXkX08qGg7coUpm1
[2022-03-27T12:50:36.950] [TRACE] default - {refreshAccessTokens} Refreshing access token for user gD9nVZ4BjbbEmwhNr6MO9cx3EB63
[2022-03-27T12:50:49.804] [TRACE] default - {refreshAccessTokens} Refreshing access token for user 3yX7HjczfDV2gQw3pCSkPBIXWyf1
[2022-03-27T12:50:51.747] [TRACE] default - {refreshAccessTokens} Refreshing access token for user CX4bajXBRLZbTRNj1HyFOH7D1Lb2
[2022-03-27T12:50:52.497] [TRACE] default - {refreshAccessTokens} Refreshing access token for user dtI44zsG0uWGDC5Vs5NiKFucfue2
[2022-03-27T12:50:53.240] [TRACE] default - {refreshAccessTokens} Refreshing access token for user gD9nVZ4BjbbEmwhNr6MO9cx3EB63
[2022-03-27T12:50:53.835] [TRACE] default - {refreshAccessTokens} Refreshing access token for user lnpSVP7T2PfuDXkX08qGg7coUpm1
